[08-Apr-2019 21:28:40 UTC] PHP Warning:  include(connection.php): failed to open stream: No such file or directory in /home/ubuntu/workspace/Classwork/Dashboard/login.php on line 16
[08-Apr-2019 21:28:40 UTC] PHP Stack trace:
[08-Apr-2019 21:28:40 UTC] PHP   1. {main}() /home/ubuntu/workspace/Classwork/Dashboard/login.php:0
[08-Apr-2019 21:28:40 UTC] PHP Warning:  include(): Failed opening 'connection.php' for inclusion (include_path='.:/usr/share/php:/usr/share/pear') in /home/ubuntu/workspace/Classwork/Dashboard/login.php on line 16
[08-Apr-2019 21:28:40 UTC] PHP Stack trace:
[08-Apr-2019 21:28:40 UTC] PHP   1. {main}() /home/ubuntu/workspace/Classwork/Dashboard/login.php:0
[08-Apr-2019 21:28:40 UTC] PHP Fatal error:  Call to a member function query() on a non-object in /home/ubuntu/workspace/Classwork/Dashboard/login.php on line 22
[08-Apr-2019 21:28:40 UTC] PHP Stack trace:
[08-Apr-2019 21:28:40 UTC] PHP   1. {main}() /home/ubuntu/workspace/Classwork/Dashboard/login.php:0
[08-Apr-2019 21:31:55 UTC] PHP Fatal error:  Call to a member function query() on a non-object in /home/ubuntu/workspace/Classwork/Dashboard/login.php on line 22
[08-Apr-2019 21:31:55 UTC] PHP Stack trace:
[08-Apr-2019 21:31:55 UTC] PHP   1. {main}() /home/ubuntu/workspace/Classwork/Dashboard/login.php:0
[15-Apr-2019 21:42:09 UTC] PHP Warning:  curl_setopt() expects parameter 1 to be resource, null given in /home/ubuntu/workspace/Classwork/curl/spotify.php on line 15
[15-Apr-2019 21:42:09 UTC] PHP Stack trace:
[15-Apr-2019 21:42:09 UTC] PHP   1. {main}() /home/ubuntu/workspace/Classwork/curl/spotify.php:0
[15-Apr-2019 21:42:09 UTC] PHP   2. curl_setopt() /home/ubuntu/workspace/Classwork/curl/spotify.php:15
[15-Apr-2019 21:47:28 UTC] PHP Parse error:  syntax error, unexpected '.', expecting '(' in /home/ubuntu/workspace/Classwork/curl/spotify.php on line 21
[15-Apr-2019 21:58:06 UTC] PHP Catchable fatal error:  Object of class stdClass could not be converted to string in /home/ubuntu/workspace/Classwork/curl/spotify.php on line 21
[15-Apr-2019 21:58:06 UTC] PHP Stack trace:
[15-Apr-2019 21:58:06 UTC] PHP   1. {main}() /home/ubuntu/workspace/Classwork/curl/spotify.php:0
[15-Apr-2019 22:09:41 UTC] PHP Fatal error:  Cannot use [] for reading in /home/ubuntu/workspace/Classwork/curl/spotify.php on line 22
