[27-Mar-2019 19:39:17 UTC] PHP Fatal error:  Uncaught exception 'PDOException' with message 'SQLSTATE[HY093]: Invalid parameter number: no parameters were bound' in /home/ubuntu/workspace/exams/practice/getPrice.php:10
Stack trace:
#0 /home/ubuntu/workspace/exams/practice/getPrice.php(10): PDOStatement->execute()
#1 {main}
  thrown in /home/ubuntu/workspace/exams/practice/getPrice.php on line 10
[27-Mar-2019 19:41:48 UTC] PHP Fatal error:  Uncaught exception 'PDOException' with message 'SQLSTATE[HY093]: Invalid parameter number: no parameters were bound' in /home/ubuntu/workspace/exams/practice/getPrice.php:10
Stack trace:
#0 /home/ubuntu/workspace/exams/practice/getPrice.php(10): PDOStatement->execute()
#1 {main}
  thrown in /home/ubuntu/workspace/exams/practice/getPrice.php on line 10
[27-Mar-2019 19:43:16 UTC] PHP Fatal error:  Uncaught exception 'PDOException' with message 'SQLSTATE[42000]: Syntax error or access violation: 1064 You have an error in your SQL syntax; check the manual that corresponds to your MySQL server version for the right syntax to use near 'AND productName LIKE '%8%'' at line 1' in /home/ubuntu/workspace/exams/practice/getPrice.php:10
Stack trace:
#0 /home/ubuntu/workspace/exams/practice/getPrice.php(10): PDOStatement->execute(Array)
#1 {main}
  thrown in /home/ubuntu/workspace/exams/practice/getPrice.php on line 10
[27-Mar-2019 19:44:59 UTC] PHP Fatal error:  Uncaught exception 'PDOException' with message 'SQLSTATE[42000]: Syntax error or access violation: 1064 You have an error in your SQL syntax; check the manual that corresponds to your MySQL server version for the right syntax to use near 'AND productName LIKE '%2%'' at line 1' in /home/ubuntu/workspace/exams/practice/getPrice.php:11
Stack trace:
#0 /home/ubuntu/workspace/exams/practice/getPrice.php(11): PDOStatement->execute(Array)
#1 {main}
  thrown in /home/ubuntu/workspace/exams/practice/getPrice.php on line 11
[27-Mar-2019 19:46:02 UTC] PHP Fatal error:  Uncaught exception 'PDOException' with message 'SQLSTATE[42000]: Syntax error or access violation: 1064 You have an error in your SQL syntax; check the manual that corresponds to your MySQL server version for the right syntax to use near 'AND productName LIKE '%9%'' at line 1' in /home/ubuntu/workspace/exams/practice/getPrice.php:11
Stack trace:
#0 /home/ubuntu/workspace/exams/practice/getPrice.php(11): PDOStatement->execute(Array)
#1 {main}
  thrown in /home/ubuntu/workspace/exams/practice/getPrice.php on line 11
[27-Mar-2019 19:46:13 UTC] PHP Fatal error:  Uncaught exception 'PDOException' with message 'SQLSTATE[42000]: Syntax error or access violation: 1064 You have an error in your SQL syntax; check the manual that corresponds to your MySQL server version for the right syntax to use near 'AND productName LIKE '%9%'' at line 1' in /home/ubuntu/workspace/exams/practice/getPrice.php:11
Stack trace:
#0 /home/ubuntu/workspace/exams/practice/getPrice.php(11): PDOStatement->execute(Array)
#1 {main}
  thrown in /home/ubuntu/workspace/exams/practice/getPrice.php on line 11
[27-Mar-2019 19:47:32 UTC] PHP Fatal error:  Uncaught exception 'PDOException' with message 'SQLSTATE[42000]: Syntax error or access violation: 1064 You have an error in your SQL syntax; check the manual that corresponds to your MySQL server version for the right syntax to use near 'AND productID = '%2%'' at line 1' in /home/ubuntu/workspace/exams/practice/getPrice.php:11
Stack trace:
#0 /home/ubuntu/workspace/exams/practice/getPrice.php(11): PDOStatement->execute(Array)
#1 {main}
  thrown in /home/ubuntu/workspace/exams/practice/getPrice.php on line 11
[27-Mar-2019 19:47:35 UTC] PHP Fatal error:  Uncaught exception 'PDOException' with message 'SQLSTATE[42000]: Syntax error or access violation: 1064 You have an error in your SQL syntax; check the manual that corresponds to your MySQL server version for the right syntax to use near 'AND productID = '%2%'' at line 1' in /home/ubuntu/workspace/exams/practice/getPrice.php:11
Stack trace:
#0 /home/ubuntu/workspace/exams/practice/getPrice.php(11): PDOStatement->execute(Array)
#1 {main}
  thrown in /home/ubuntu/workspace/exams/practice/getPrice.php on line 11
[27-Mar-2019 19:48:17 UTC] PHP Fatal error:  Uncaught exception 'PDOException' with message 'SQLSTATE[42000]: Syntax error or access violation: 1064 You have an error in your SQL syntax; check the manual that corresponds to your MySQL server version for the right syntax to use near 'AND productID = '%5%'' at line 1' in /home/ubuntu/workspace/exams/practice/getPrice.php:11
Stack trace:
#0 /home/ubuntu/workspace/exams/practice/getPrice.php(11): PDOStatement->execute(Array)
#1 {main}
  thrown in /home/ubuntu/workspace/exams/practice/getPrice.php on line 11
[27-Mar-2019 19:48:44 UTC] PHP Fatal error:  Uncaught exception 'PDOException' with message 'SQLSTATE[HY093]: Invalid parameter number: parameter was not defined' in /home/ubuntu/workspace/exams/practice/getPrice.php:11
Stack trace:
#0 /home/ubuntu/workspace/exams/practice/getPrice.php(11): PDOStatement->execute(Array)
#1 {main}
  thrown in /home/ubuntu/workspace/exams/practice/getPrice.php on line 11
[27-Mar-2019 19:48:47 UTC] PHP Fatal error:  Uncaught exception 'PDOException' with message 'SQLSTATE[HY093]: Invalid parameter number: parameter was not defined' in /home/ubuntu/workspace/exams/practice/getPrice.php:11
Stack trace:
#0 /home/ubuntu/workspace/exams/practice/getPrice.php(11): PDOStatement->execute(Array)
#1 {main}
  thrown in /home/ubuntu/workspace/exams/practice/getPrice.php on line 11
[27-Mar-2019 19:58:27 UTC] PHP Parse error:  syntax error, unexpected '' (T_ENCAPSED_AND_WHITESPACE), expecting identifier (T_STRING) or variable (T_VARIABLE) or number (T_NUM_STRING) in /home/ubuntu/workspace/exams/practice/getPrice.php on line 4
[27-Mar-2019 21:16:52 UTC] PHP Warning:  include(dbConnection.php): failed to open stream: No such file or directory in /home/ubuntu/workspace/exams/midterm/getMatch.php on line 2
[27-Mar-2019 21:16:52 UTC] PHP Stack trace:
[27-Mar-2019 21:16:52 UTC] PHP   1. {main}() /home/ubuntu/workspace/exams/midterm/getMatch.php:0
[27-Mar-2019 21:16:52 UTC] PHP Warning:  include(): Failed opening 'dbConnection.php' for inclusion (include_path='.:/usr/share/php:/usr/share/pear') in /home/ubuntu/workspace/exams/midterm/getMatch.php on line 2
[27-Mar-2019 21:16:52 UTC] PHP Stack trace:
[27-Mar-2019 21:16:52 UTC] PHP   1. {main}() /home/ubuntu/workspace/exams/midterm/getMatch.php:0
[27-Mar-2019 21:16:52 UTC] PHP Fatal error:  Call to undefined function getDatabaseConnection() in /home/ubuntu/workspace/exams/midterm/getMatch.php on line 3
[27-Mar-2019 21:16:52 UTC] PHP Stack trace:
[27-Mar-2019 21:16:52 UTC] PHP   1. {main}() /home/ubuntu/workspace/exams/midterm/getMatch.php:0
[27-Mar-2019 21:18:19 UTC] PHP Warning:  include(dbConnection.php): failed to open stream: No such file or directory in /home/ubuntu/workspace/exams/midterm/getMatch.php on line 2
[27-Mar-2019 21:18:19 UTC] PHP Stack trace:
[27-Mar-2019 21:18:19 UTC] PHP   1. {main}() /home/ubuntu/workspace/exams/midterm/getMatch.php:0
[27-Mar-2019 21:18:19 UTC] PHP Warning:  include(): Failed opening 'dbConnection.php' for inclusion (include_path='.:/usr/share/php:/usr/share/pear') in /home/ubuntu/workspace/exams/midterm/getMatch.php on line 2
[27-Mar-2019 21:18:19 UTC] PHP Stack trace:
[27-Mar-2019 21:18:19 UTC] PHP   1. {main}() /home/ubuntu/workspace/exams/midterm/getMatch.php:0
[27-Mar-2019 21:18:19 UTC] PHP Fatal error:  Call to undefined function getDatabaseConnection() in /home/ubuntu/workspace/exams/midterm/getMatch.php on line 3
[27-Mar-2019 21:18:19 UTC] PHP Stack trace:
[27-Mar-2019 21:18:19 UTC] PHP   1. {main}() /home/ubuntu/workspace/exams/midterm/getMatch.php:0
[27-Mar-2019 21:18:50 UTC] PHP Warning:  include(dbConnection.php): failed to open stream: No such file or directory in /home/ubuntu/workspace/exams/midterm/getMatch.php on line 2
[27-Mar-2019 21:18:50 UTC] PHP Stack trace:
[27-Mar-2019 21:18:50 UTC] PHP   1. {main}() /home/ubuntu/workspace/exams/midterm/getMatch.php:0
[27-Mar-2019 21:18:50 UTC] PHP Warning:  include(): Failed opening 'dbConnection.php' for inclusion (include_path='.:/usr/share/php:/usr/share/pear') in /home/ubuntu/workspace/exams/midterm/getMatch.php on line 2
[27-Mar-2019 21:18:50 UTC] PHP Stack trace:
[27-Mar-2019 21:18:50 UTC] PHP   1. {main}() /home/ubuntu/workspace/exams/midterm/getMatch.php:0
[27-Mar-2019 21:18:50 UTC] PHP Fatal error:  Call to undefined function getDatabaseConnection() in /home/ubuntu/workspace/exams/midterm/getMatch.php on line 3
[27-Mar-2019 21:18:50 UTC] PHP Stack trace:
[27-Mar-2019 21:18:50 UTC] PHP   1. {main}() /home/ubuntu/workspace/exams/midterm/getMatch.php:0
[27-Mar-2019 22:21:28 UTC] PHP Fatal error:  Uncaught exception 'PDOException' with message 'SQLSTATE[HY093]: Invalid parameter number: parameter was not defined' in /home/ubuntu/workspace/exams/midterm/getModal.php:8
Stack trace:
#0 /home/ubuntu/workspace/exams/midterm/getModal.php(8): PDOStatement->execute(Array)
#1 {main}
  thrown in /home/ubuntu/workspace/exams/midterm/getModal.php on line 8
[27-Mar-2019 22:21:55 UTC] PHP Fatal error:  Uncaught exception 'PDOException' with message 'SQLSTATE[HY093]: Invalid parameter number: parameter was not defined' in /home/ubuntu/workspace/exams/midterm/getModal.php:8
Stack trace:
#0 /home/ubuntu/workspace/exams/midterm/getModal.php(8): PDOStatement->execute(Array)
#1 {main}
  thrown in /home/ubuntu/workspace/exams/midterm/getModal.php on line 8
[27-Mar-2019 22:22:49 UTC] PHP Fatal error:  Uncaught exception 'PDOException' with message 'SQLSTATE[HY093]: Invalid parameter number: parameter was not defined' in /home/ubuntu/workspace/exams/midterm/getModal.php:8
Stack trace:
#0 /home/ubuntu/workspace/exams/midterm/getModal.php(8): PDOStatement->execute(Array)
#1 {main}
  thrown in /home/ubuntu/workspace/exams/midterm/getModal.php on line 8
[13-May-2019 02:52:38 UTC] PHP Warning:  include(footer.php): failed to open stream: No such file or directory in /home/ubuntu/workspace/exams/final/index.php on line 17
[13-May-2019 02:52:38 UTC] PHP Stack trace:
[13-May-2019 02:52:38 UTC] PHP   1. {main}() /home/ubuntu/workspace/exams/final/index.php:0
[13-May-2019 02:52:38 UTC] PHP Warning:  include(): Failed opening 'footer.php' for inclusion (include_path='.:/usr/share/php:/usr/share/pear') in /home/ubuntu/workspace/exams/final/index.php on line 17
[13-May-2019 02:52:38 UTC] PHP Stack trace:
[13-May-2019 02:52:38 UTC] PHP   1. {main}() /home/ubuntu/workspace/exams/final/index.php:0
[13-May-2019 02:52:57 UTC] PHP Warning:  include(footer.php): failed to open stream: No such file or directory in /home/ubuntu/workspace/exams/final/index.php on line 17
[13-May-2019 02:52:57 UTC] PHP Stack trace:
[13-May-2019 02:52:57 UTC] PHP   1. {main}() /home/ubuntu/workspace/exams/final/index.php:0
[13-May-2019 02:52:57 UTC] PHP Warning:  include(): Failed opening 'footer.php' for inclusion (include_path='.:/usr/share/php:/usr/share/pear') in /home/ubuntu/workspace/exams/final/index.php on line 17
[13-May-2019 02:52:57 UTC] PHP Stack trace:
[13-May-2019 02:52:57 UTC] PHP   1. {main}() /home/ubuntu/workspace/exams/final/index.php:0
[13-May-2019 02:53:57 UTC] PHP Warning:  include(footer.php): failed to open stream: No such file or directory in /home/ubuntu/workspace/exams/final/index.php on line 17
[13-May-2019 02:53:57 UTC] PHP Stack trace:
[13-May-2019 02:53:57 UTC] PHP   1. {main}() /home/ubuntu/workspace/exams/final/index.php:0
[13-May-2019 02:53:57 UTC] PHP Warning:  include(): Failed opening 'footer.php' for inclusion (include_path='.:/usr/share/php:/usr/share/pear') in /home/ubuntu/workspace/exams/final/index.php on line 17
[13-May-2019 02:53:57 UTC] PHP Stack trace:
[13-May-2019 02:53:57 UTC] PHP   1. {main}() /home/ubuntu/workspace/exams/final/index.php:0
[13-May-2019 02:55:00 UTC] PHP Warning:  include(footer.php): failed to open stream: No such file or directory in /home/ubuntu/workspace/exams/final/index.php on line 18
[13-May-2019 02:55:00 UTC] PHP Stack trace:
[13-May-2019 02:55:00 UTC] PHP   1. {main}() /home/ubuntu/workspace/exams/final/index.php:0
[13-May-2019 02:55:00 UTC] PHP Warning:  include(): Failed opening 'footer.php' for inclusion (include_path='.:/usr/share/php:/usr/share/pear') in /home/ubuntu/workspace/exams/final/index.php on line 18
[13-May-2019 02:55:00 UTC] PHP Stack trace:
[13-May-2019 02:55:00 UTC] PHP   1. {main}() /home/ubuntu/workspace/exams/final/index.php:0
[13-May-2019 22:05:41 UTC] PHP Fatal error:  Call to undefined function update_user_data() in /home/ubuntu/workspace/exams/final/index.php on line 29
[13-May-2019 22:05:41 UTC] PHP Stack trace:
[13-May-2019 22:05:41 UTC] PHP   1. {main}() /home/ubuntu/workspace/exams/final/index.php:0
[13-May-2019 22:05:48 UTC] PHP Fatal error:  Call to undefined function update_user_data() in /home/ubuntu/workspace/exams/final/index.php on line 29
[13-May-2019 22:05:48 UTC] PHP Stack trace:
[13-May-2019 22:05:48 UTC] PHP   1. {main}() /home/ubuntu/workspace/exams/final/index.php:0
[13-May-2019 22:05:56 UTC] PHP Fatal error:  Call to undefined function update_user_data() in /home/ubuntu/workspace/exams/final/index.php on line 29
[13-May-2019 22:05:56 UTC] PHP Stack trace:
[13-May-2019 22:05:56 UTC] PHP   1. {main}() /home/ubuntu/workspace/exams/final/index.php:0
[13-May-2019 22:06:11 UTC] PHP Fatal error:  Call to undefined function update_user_data() in /home/ubuntu/workspace/exams/final/index.php on line 29
[13-May-2019 22:06:11 UTC] PHP Stack trace:
[13-May-2019 22:06:11 UTC] PHP   1. {main}() /home/ubuntu/workspace/exams/final/index.php:0
[13-May-2019 22:06:22 UTC] PHP Fatal error:  Call to undefined function update_user_data() in /home/ubuntu/workspace/exams/final/index.php on line 29
[13-May-2019 22:06:22 UTC] PHP Stack trace:
[13-May-2019 22:06:22 UTC] PHP   1. {main}() /home/ubuntu/workspace/exams/final/index.php:0
[13-May-2019 22:06:32 UTC] PHP Fatal error:  Call to undefined function update_user_data() in /home/ubuntu/workspace/exams/final/index.php on line 29
[13-May-2019 22:06:32 UTC] PHP Stack trace:
[13-May-2019 22:06:32 UTC] PHP   1. {main}() /home/ubuntu/workspace/exams/final/index.php:0
[13-May-2019 22:09:32 UTC] PHP Fatal error:  Call to undefined function update_user_data() in /home/ubuntu/workspace/exams/final/index.php on line 22
[13-May-2019 22:09:32 UTC] PHP Stack trace:
[13-May-2019 22:09:32 UTC] PHP   1. {main}() /home/ubuntu/workspace/exams/final/index.php:0
[13-May-2019 22:09:41 UTC] PHP Fatal error:  Call to undefined function update_user_data() in /home/ubuntu/workspace/exams/final/index.php on line 22
[13-May-2019 22:09:41 UTC] PHP Stack trace:
[13-May-2019 22:09:41 UTC] PHP   1. {main}() /home/ubuntu/workspace/exams/final/index.php:0
[13-May-2019 22:10:32 UTC] PHP Fatal error:  Call to undefined function update_user_data() in /home/ubuntu/workspace/exams/final/index.php on line 30
[13-May-2019 22:10:32 UTC] PHP Stack trace:
[13-May-2019 22:10:32 UTC] PHP   1. {main}() /home/ubuntu/workspace/exams/final/index.php:0
[13-May-2019 22:10:46 UTC] PHP Fatal error:  Call to undefined function update_user_data() in /home/ubuntu/workspace/exams/final/index.php on line 30
[13-May-2019 22:10:46 UTC] PHP Stack trace:
[13-May-2019 22:10:46 UTC] PHP   1. {main}() /home/ubuntu/workspace/exams/final/index.php:0
[13-May-2019 22:11:02 UTC] PHP Fatal error:  Call to undefined function update_user_data() in /home/ubuntu/workspace/exams/final/index.php on line 30
[13-May-2019 22:11:02 UTC] PHP Stack trace:
[13-May-2019 22:11:02 UTC] PHP   1. {main}() /home/ubuntu/workspace/exams/final/index.php:0
[13-May-2019 22:11:05 UTC] PHP Fatal error:  Call to undefined function update_user_data() in /home/ubuntu/workspace/exams/final/index.php on line 30
[13-May-2019 22:11:05 UTC] PHP Stack trace:
[13-May-2019 22:11:05 UTC] PHP   1. {main}() /home/ubuntu/workspace/exams/final/index.php:0
[13-May-2019 22:11:37 UTC] PHP Fatal error:  Call to undefined function update_user_data() in /home/ubuntu/workspace/exams/final/index.php on line 30
[13-May-2019 22:11:37 UTC] PHP Stack trace:
[13-May-2019 22:11:37 UTC] PHP   1. {main}() /home/ubuntu/workspace/exams/final/index.php:0
[13-May-2019 22:46:38 UTC] PHP Parse error:  syntax error, unexpected '<' in /home/ubuntu/workspace/exams/final/header.php on line 36
[13-May-2019 22:46:38 UTC] PHP Stack trace:
[13-May-2019 22:46:38 UTC] PHP   1. {main}() /home/ubuntu/workspace/exams/final/dashboard.php:0
[13-May-2019 22:46:40 UTC] PHP Parse error:  syntax error, unexpected '<' in /home/ubuntu/workspace/exams/final/header.php on line 36
[13-May-2019 22:46:40 UTC] PHP Stack trace:
[13-May-2019 22:46:40 UTC] PHP   1. {main}() /home/ubuntu/workspace/exams/final/dashboard.php:0
[13-May-2019 22:48:36 UTC] PHP Parse error:  syntax error, unexpected '<' in /home/ubuntu/workspace/exams/final/header.php on line 36
[13-May-2019 22:48:36 UTC] PHP Stack trace:
[13-May-2019 22:48:36 UTC] PHP   1. {main}() /home/ubuntu/workspace/exams/final/dashboard.php:0
[13-May-2019 22:49:21 UTC] PHP Parse error:  syntax error, unexpected '<' in /home/ubuntu/workspace/exams/final/header.php on line 36
[13-May-2019 22:49:21 UTC] PHP Stack trace:
[13-May-2019 22:49:21 UTC] PHP   1. {main}() /home/ubuntu/workspace/exams/final/dashboard.php:0
[13-May-2019 22:49:35 UTC] PHP Parse error:  syntax error, unexpected '<' in /home/ubuntu/workspace/exams/final/header.php on line 36
[13-May-2019 22:49:35 UTC] PHP Stack trace:
[13-May-2019 22:49:35 UTC] PHP   1. {main}() /home/ubuntu/workspace/exams/final/dashboard.php:0
[13-May-2019 22:49:37 UTC] PHP Parse error:  syntax error, unexpected '<' in /home/ubuntu/workspace/exams/final/header.php on line 36
[13-May-2019 22:49:37 UTC] PHP Stack trace:
[13-May-2019 22:49:37 UTC] PHP   1. {main}() /home/ubuntu/workspace/exams/final/dashboard.php:0
[13-May-2019 22:49:38 UTC] PHP Parse error:  syntax error, unexpected '<' in /home/ubuntu/workspace/exams/final/header.php on line 36
[13-May-2019 22:49:38 UTC] PHP Stack trace:
[13-May-2019 22:49:38 UTC] PHP   1. {main}() /home/ubuntu/workspace/exams/final/dashboard.php:0
[13-May-2019 22:49:39 UTC] PHP Parse error:  syntax error, unexpected '<' in /home/ubuntu/workspace/exams/final/header.php on line 36
[13-May-2019 22:49:39 UTC] PHP Stack trace:
[13-May-2019 22:49:39 UTC] PHP   1. {main}() /home/ubuntu/workspace/exams/final/dashboard.php:0
[13-May-2019 22:50:15 UTC] PHP Parse error:  syntax error, unexpected '<' in /home/ubuntu/workspace/exams/final/header.php on line 36
[13-May-2019 22:50:15 UTC] PHP Stack trace:
[13-May-2019 22:50:15 UTC] PHP   1. {main}() /home/ubuntu/workspace/exams/final/index.php:0
[13-May-2019 22:51:04 UTC] PHP Parse error:  syntax error, unexpected '<' in /home/ubuntu/workspace/exams/final/header.php on line 36
[13-May-2019 22:51:04 UTC] PHP Stack trace:
[13-May-2019 22:51:04 UTC] PHP   1. {main}() /home/ubuntu/workspace/exams/final/index.php:0
